[2025-03-31 12:49:01Z INFO HostContext] No proxy settings were found based on environmental variables (http_proxy/https_proxy/HTTP_PROXY/HTTPS_PROXY)
[2025-03-31 12:49:01Z INFO HostContext] Well known directory 'Bin': 'C:\Users\Huawei\Desktop\TestProject\TestNgApiTestingExample\actions-runner\bin'
[2025-03-31 12:49:01Z INFO HostContext] Well known directory 'Root': 'C:\Users\Huawei\Desktop\TestProject\TestNgApiTestingExample\actions-runner'
[2025-03-31 12:49:01Z INFO HostContext] Well known config file 'Credentials': 'C:\Users\Huawei\Desktop\TestProject\TestNgApiTestingExample\actions-runner\.credentials'
[2025-03-31 12:49:01Z INFO HostContext] Well known directory 'Bin': 'C:\Users\Huawei\Desktop\TestProject\TestNgApiTestingExample\actions-runner\bin'
[2025-03-31 12:49:01Z INFO HostContext] Well known directory 'Root': 'C:\Users\Huawei\Desktop\TestProject\TestNgApiTestingExample\actions-runner'
[2025-03-31 12:49:01Z INFO HostContext] Well known config file 'Runner': 'C:\Users\Huawei\Desktop\TestProject\TestNgApiTestingExample\actions-runner\.runner'
[2025-03-31 12:49:01Z INFO Listener] Runner is built for Windows (X64) - win-x64.
[2025-03-31 12:49:01Z INFO Listener] RuntimeInformation: Microsoft Windows 10.0.26100.
[2025-03-31 12:49:01Z INFO Listener] Version: 2.323.0
[2025-03-31 12:49:01Z INFO Listener] Commit: d8b82f44a9ec0258904d5869ae683c31d5aac299
[2025-03-31 12:49:01Z INFO Listener] Culture: tr-TR
[2025-03-31 12:49:01Z INFO Listener] UI Culture: tr-TR
[2025-03-31 12:49:01Z INFO HostContext] Well known directory 'Bin': 'C:\Users\Huawei\Desktop\TestProject\TestNgApiTestingExample\actions-runner\bin'
[2025-03-31 12:49:01Z INFO HostContext] Well known directory 'Root': 'C:\Users\Huawei\Desktop\TestProject\TestNgApiTestingExample\actions-runner'
[2025-03-31 12:49:01Z INFO Listener] Validating directory permissions for: 'C:\Users\Huawei\Desktop\TestProject\TestNgApiTestingExample\actions-runner'
[2025-03-31 12:49:01Z INFO CommandLineParser] Parse
[2025-03-31 12:49:01Z INFO CommandLineParser] Parsing 1 args
[2025-03-31 12:49:01Z INFO CommandLineParser] parsing argument
[2025-03-31 12:49:01Z INFO CommandLineParser] HasArgs: False
[2025-03-31 12:49:01Z INFO CommandLineParser] Adding Command: run
[2025-03-31 12:49:01Z INFO Listener] Arguments parsed
[2025-03-31 12:49:01Z INFO Runner] ExecuteCommand
[2025-03-31 12:49:01Z INFO ConfigurationStore] currentAssemblyLocation: C:\Users\Huawei\Desktop\TestProject\TestNgApiTestingExample\actions-runner\bin\Runner.Listener.dll
[2025-03-31 12:49:01Z INFO HostContext] Well known directory 'Bin': 'C:\Users\Huawei\Desktop\TestProject\TestNgApiTestingExample\actions-runner\bin'
[2025-03-31 12:49:01Z INFO ConfigurationStore] binPath: C:\Users\Huawei\Desktop\TestProject\TestNgApiTestingExample\actions-runner\bin
[2025-03-31 12:49:01Z INFO HostContext] Well known directory 'Bin': 'C:\Users\Huawei\Desktop\TestProject\TestNgApiTestingExample\actions-runner\bin'
[2025-03-31 12:49:01Z INFO HostContext] Well known directory 'Root': 'C:\Users\Huawei\Desktop\TestProject\TestNgApiTestingExample\actions-runner'
[2025-03-31 12:49:01Z INFO ConfigurationStore] RootFolder: C:\Users\Huawei\Desktop\TestProject\TestNgApiTestingExample\actions-runner
[2025-03-31 12:49:01Z INFO HostContext] Well known directory 'Bin': 'C:\Users\Huawei\Desktop\TestProject\TestNgApiTestingExample\actions-runner\bin'
[2025-03-31 12:49:01Z INFO HostContext] Well known directory 'Root': 'C:\Users\Huawei\Desktop\TestProject\TestNgApiTestingExample\actions-runner'
[2025-03-31 12:49:01Z INFO HostContext] Well known config file 'Runner': 'C:\Users\Huawei\Desktop\TestProject\TestNgApiTestingExample\actions-runner\.runner'
[2025-03-31 12:49:01Z INFO ConfigurationStore] ConfigFilePath: C:\Users\Huawei\Desktop\TestProject\TestNgApiTestingExample\actions-runner\.runner
[2025-03-31 12:49:01Z INFO HostContext] Well known directory 'Bin': 'C:\Users\Huawei\Desktop\TestProject\TestNgApiTestingExample\actions-runner\bin'
[2025-03-31 12:49:01Z INFO HostContext] Well known directory 'Root': 'C:\Users\Huawei\Desktop\TestProject\TestNgApiTestingExample\actions-runner'
[2025-03-31 12:49:01Z INFO HostContext] Well known config file 'MigratedRunner': 'C:\Users\Huawei\Desktop\TestProject\TestNgApiTestingExample\actions-runner\.runner_migrated'
[2025-03-31 12:49:01Z INFO ConfigurationStore] MigratedConfigFilePath: C:\Users\Huawei\Desktop\TestProject\TestNgApiTestingExample\actions-runner\.runner_migrated
[2025-03-31 12:49:01Z INFO HostContext] Well known directory 'Bin': 'C:\Users\Huawei\Desktop\TestProject\TestNgApiTestingExample\actions-runner\bin'
[2025-03-31 12:49:01Z INFO HostContext] Well known directory 'Root': 'C:\Users\Huawei\Desktop\TestProject\TestNgApiTestingExample\actions-runner'
[2025-03-31 12:49:01Z INFO HostContext] Well known config file 'Credentials': 'C:\Users\Huawei\Desktop\TestProject\TestNgApiTestingExample\actions-runner\.credentials'
[2025-03-31 12:49:01Z INFO ConfigurationStore] CredFilePath: C:\Users\Huawei\Desktop\TestProject\TestNgApiTestingExample\actions-runner\.credentials
[2025-03-31 12:49:01Z INFO HostContext] Well known directory 'Bin': 'C:\Users\Huawei\Desktop\TestProject\TestNgApiTestingExample\actions-runner\bin'
[2025-03-31 12:49:01Z INFO HostContext] Well known directory 'Root': 'C:\Users\Huawei\Desktop\TestProject\TestNgApiTestingExample\actions-runner'
[2025-03-31 12:49:01Z INFO HostContext] Well known config file 'MigratedCredentials': 'C:\Users\Huawei\Desktop\TestProject\TestNgApiTestingExample\actions-runner\.credentials_migrated'
[2025-03-31 12:49:01Z INFO ConfigurationStore] MigratedCredFilePath: C:\Users\Huawei\Desktop\TestProject\TestNgApiTestingExample\actions-runner\.credentials_migrated
[2025-03-31 12:49:01Z INFO HostContext] Well known directory 'Bin': 'C:\Users\Huawei\Desktop\TestProject\TestNgApiTestingExample\actions-runner\bin'
[2025-03-31 12:49:01Z INFO HostContext] Well known directory 'Root': 'C:\Users\Huawei\Desktop\TestProject\TestNgApiTestingExample\actions-runner'
[2025-03-31 12:49:01Z INFO HostContext] Well known config file 'Service': 'C:\Users\Huawei\Desktop\TestProject\TestNgApiTestingExample\actions-runner\.service'
[2025-03-31 12:49:01Z INFO ConfigurationStore] ServiceConfigFilePath: C:\Users\Huawei\Desktop\TestProject\TestNgApiTestingExample\actions-runner\.service
[2025-03-31 12:49:01Z INFO CommandSettings] Flag 'help': 'False'
[2025-03-31 12:49:01Z INFO CommandSettings] Flag 'version': 'False'
[2025-03-31 12:49:01Z INFO CommandSettings] Flag 'commit': 'False'
[2025-03-31 12:49:01Z INFO CommandSettings] Flag 'check': 'False'
[2025-03-31 12:49:01Z INFO CommandSettings] Command 'configure': 'False'
[2025-03-31 12:49:01Z INFO CommandSettings] Command 'remove': 'False'
[2025-03-31 12:49:01Z INFO CommandSettings] Command 'warmup': 'False'
[2025-03-31 12:49:01Z INFO ConfigurationManager] LoadSettings
[2025-03-31 12:49:01Z INFO ConfigurationStore] IsConfigured()
[2025-03-31 12:49:01Z INFO ConfigurationStore] IsConfigured: True
[2025-03-31 12:49:01Z INFO ConfigurationManager] Is configured: True
[2025-03-31 12:49:01Z INFO ConfigurationStore] Read setting file: 328 chars
[2025-03-31 12:49:01Z INFO ConfigurationManager] Settings Loaded
[2025-03-31 12:49:01Z INFO ConfigurationStore] IsServiceConfigured()
[2025-03-31 12:49:01Z INFO ConfigurationStore] IsServiceConfigured: False
[2025-03-31 12:49:01Z INFO CommandSettings] Command 'run': 'True'
[2025-03-31 12:49:01Z INFO ConfigurationStore] IsConfigured()
[2025-03-31 12:49:01Z INFO ConfigurationStore] IsConfigured: True
[2025-03-31 12:49:01Z INFO ConfigurationManager] Is configured: True
[2025-03-31 12:49:01Z INFO Runner] Could not parse the argument value '' for StartupType. Defaulting to Manual
[2025-03-31 12:49:01Z INFO Runner] Set runner startup type - Manual
[2025-03-31 12:49:01Z INFO CommandSettings] Flag 'once': 'False'
[2025-03-31 12:49:01Z INFO CommandSettings] Flag 'once': 'False'
[2025-03-31 12:49:01Z INFO Runner] RunAsync
[2025-03-31 12:49:01Z INFO ConfigurationManager] LoadSettings
[2025-03-31 12:49:01Z INFO ConfigurationStore] IsConfigured()
[2025-03-31 12:49:01Z INFO ConfigurationStore] IsConfigured: True
[2025-03-31 12:49:01Z INFO ConfigurationManager] Is configured: True
[2025-03-31 12:49:01Z INFO ConfigurationManager] Settings Loaded
[2025-03-31 12:49:01Z INFO MessageListener] {
  "AgentId": 2,
  "AgentName": "DESKTOP-SJK93TT",
  "PoolId": 1,
  "PoolName": "Default",
  "ServerUrl": "https://pipelinesghubeus4.actions.githubusercontent.com/3iyEmK6fxqVAfGDzC2Kn2ds4W6hz0KrjmMee4zRCwXQdhbtuuM/",
  "GitHubUrl": "https://github.com/esmanur-karatas/TestNgApiTestingExample",
  "WorkFolder": "_work"
}
[2025-03-31 12:49:01Z INFO MessageListener] Loading Credentials
[2025-03-31 12:49:01Z INFO ConfigurationStore] HasCredentials()
[2025-03-31 12:49:01Z INFO ConfigurationStore] stored True
[2025-03-31 12:49:01Z INFO CredentialManager] GetCredentialProvider
[2025-03-31 12:49:01Z INFO CredentialManager] Creating type OAuth
[2025-03-31 12:49:01Z INFO CredentialManager] Creating credential type: OAuth
[2025-03-31 12:49:01Z INFO HostContext] Well known directory 'Bin': 'C:\Users\Huawei\Desktop\TestProject\TestNgApiTestingExample\actions-runner\bin'
[2025-03-31 12:49:01Z INFO HostContext] Well known directory 'Root': 'C:\Users\Huawei\Desktop\TestProject\TestNgApiTestingExample\actions-runner'
[2025-03-31 12:49:01Z INFO HostContext] Well known config file 'RSACredentials': 'C:\Users\Huawei\Desktop\TestProject\TestNgApiTestingExample\actions-runner\.credentials_rsaparams'
[2025-03-31 12:49:01Z INFO RSAEncryptedFileKeyManager] Loading RSA key parameters from file C:\Users\Huawei\Desktop\TestProject\TestNgApiTestingExample\actions-runner\.credentials_rsaparams
[2025-03-31 12:49:01Z INFO MessageListener] Attempt to create session.
[2025-03-31 12:49:01Z INFO MessageListener] Connecting to the Runner Server...
[2025-03-31 12:49:01Z INFO RunnerServer] EstablishVssConnection
[2025-03-31 12:49:01Z INFO RunnerServer] Establish connection with 100 seconds timeout.
[2025-03-31 12:49:01Z INFO GitHubActionsService] Starting operation Location.GetConnectionData
[2025-03-31 12:49:01Z INFO RunnerServer] EstablishVssConnection
[2025-03-31 12:49:01Z INFO RunnerServer] Establish connection with 60 seconds timeout.
[2025-03-31 12:49:01Z INFO GitHubActionsService] Starting operation Location.GetConnectionData
[2025-03-31 12:49:01Z INFO RunnerServer] EstablishVssConnection
[2025-03-31 12:49:01Z INFO RunnerServer] Establish connection with 60 seconds timeout.
[2025-03-31 12:49:01Z INFO GitHubActionsService] Starting operation Location.GetConnectionData
[2025-03-31 12:49:02Z INFO GitHubActionsService] Finished operation Location.GetConnectionData
[2025-03-31 12:49:02Z INFO GitHubActionsService] Finished operation Location.GetConnectionData
[2025-03-31 12:49:02Z INFO GitHubActionsService] Finished operation Location.GetConnectionData
[2025-03-31 12:49:02Z INFO MessageListener] VssConnection created
[2025-03-31 12:49:02Z INFO Terminal] WRITE LINE: 
[2025-03-31 12:49:02Z INFO Terminal] WRITE LINE: 
[2025-03-31 12:49:02Z INFO RSAEncryptedFileKeyManager] Loading RSA key parameters from file C:\Users\Huawei\Desktop\TestProject\TestNgApiTestingExample\actions-runner\.credentials_rsaparams
[2025-03-31 12:49:02Z INFO RSAEncryptedFileKeyManager] Loading RSA key parameters from file C:\Users\Huawei\Desktop\TestProject\TestNgApiTestingExample\actions-runner\.credentials_rsaparams
[2025-03-31 12:49:03Z INFO GitHubActionsService] AAD Correlation ID for this token request: Unknown
[2025-03-31 12:49:03Z INFO MessageListener] Session created.
[2025-03-31 12:49:03Z INFO Terminal] WRITE LINE: Current runner version: '2.323.0'
[2025-03-31 12:49:03Z INFO Terminal] WRITE LINE: 2025-03-31 12:49:03Z: Listening for Jobs
[2025-03-31 12:49:03Z INFO JobDispatcher] Set runner/worker IPC timeout to 30 seconds.
[2025-03-31 12:49:03Z INFO RSAEncryptedFileKeyManager] Loading RSA key parameters from file C:\Users\Huawei\Desktop\TestProject\TestNgApiTestingExample\actions-runner\.credentials_rsaparams
[2025-03-31 12:49:04Z INFO GitHubActionsService] AAD Correlation ID for this token request: Unknown
